#
# There is insufficient memory for the Java Runtime Environment to continue.
# Native memory allocation (mmap) failed to map 40894464 bytes for Failed to commit area from 0x000000074de00000 to 0x0000000750500000 of length 40894464.
# Possible reasons:
#   The system is out of physical RAM or swap space
#   The process is running with CompressedOops enabled, and the Java Heap may be blocking the growth of the native heap
# Possible solutions:
#   Reduce memory load on the system
#   Increase physical memory or swap space
#   Check if swap backing store is full
#   Decrease Java heap size (-Xmx/-Xms)
#   Decrease number of Java threads
#   Decrease Java thread stack sizes (-Xss)
#   Set larger code cache with -XX:ReservedCodeCacheSize=
#   JVM is running with Zero Based Compressed Oops mode in which the Java heap is
#     placed in the first 32GB address space. The Java Heap base address is the
#     maximum limit for the native heap growth. Please use -XX:HeapBaseMinAddress
#     to set the Java Heap base and to place the Java Heap above 32GB virtual address.
# This output file may be truncated or incomplete.
#
#  Out of Memory Error (./src/hotspot/os/windows/os_windows.cpp:3301), pid=9152, tid=14088
#
# JRE version: OpenJDK Runtime Environment (11.0.11+9) (build 11.0.11+9-b60-7590822)
# Java VM: OpenJDK 64-Bit Server VM (11.0.11+9-b60-7590822, mixed mode, tiered, compressed oops, g1 gc, windows-amd64)
# No core dump will be written. Minidumps are not enabled by default on client versions of Windows
#

---------------  S U M M A R Y ------------

Command Line: org.jetbrains.kotlin.cli.jvm.K2JVMCompiler @C:\Users\Reylar\AndroidStudioProjects\taboan_christian\app\build\20220416_15377363116911925288.compiler.options

Host: Intel(R) Core(TM) i3-8130U CPU @ 2.20GHz, 4 cores, 11G,  Windows 10 , 64 bit Build 18362 (10.0.18362.1500)
Time: Sat Apr 16 21:05:56 2022 Taipei Standard Time elapsed time: 5.252527 seconds (0d 0h 0m 5s)

---------------  T H R E A D  ---------------

Current thread (0x00000208c2112800):  VMThread "VM Thread" [stack: 0x000000e858900000,0x000000e858a00000] [id=14088]

Stack: [0x000000e858900000,0x000000e858a00000]
[error occurred during error reporting (printing stack bounds), id 0xc0000005, EXCEPTION_ACCESS_VIOLATION (0xc0000005) at pc=0x00000208a9ad0f2d]

Native frames: (J=compiled Java code, j=interpreted, Vv=VM code, C=native code)
V  [jvm.dll+0x5f214a]
V  [jvm.dll+0x726fb5]
V  [jvm.dll+0x7285cd]
V  [jvm.dll+0x728be5]
V  [jvm.dll+0x728b9b]
V  [jvm.dll+0x5f14e8]
V  [jvm.dll+0x5f1c78]
C  [ntdll.dll+0xa1fff]
C  [ntdll.dll+0x6aad9]
C  [ntdll.dll+0xa0c6e]
C  0x00000208a9ad0f2d

VM_Operation (0x000000e8583fbae0): G1CollectForAllocation, mode: safepoint, requested by thread 0x00000208a5fdd800


---------------  P R O C E S S  ---------------

Threads class SMR info:
_java_thread_list=0x00000208c4c17010, length=11, elements={
0x00000208a5fdd800, 0x00000208c2119800, 0x00000208c211b800, 0x00000208c2961800,
0x00000208c2963800, 0x00000208c2965000, 0x00000208c2968800, 0x00000208c29b4000,
0x00000208c29b5000, 0x00000208c2b2f000, 0x00000208c8070800
}

Java Threads: ( => current thread )
  0x00000208a5fdd800 JavaThread "main" [_thread_blocked, id=15580, stack(0x000000e858300000,0x000000e858400000)]
  0x00000208c2119800 JavaThread "Reference Handler" daemon [_thread_blocked, id=14440, stack(0x000000e858a00000,0x000000e858b00000)]
  0x00000208c211b800 JavaThread "Finalizer" daemon [_thread_blocked, id=4416, stack(0x000000e858b00000,0x000000e858c00000)]
  0x00000208c2961800 JavaThread "Signal Dispatcher" daemon [_thread_blocked, id=7392, stack(0x000000e858c00000,0x000000e858d00000)]
  0x00000208c2963800 JavaThread "Attach Listener" daemon [_thread_blocked, id=6388, stack(0x000000e858d00000,0x000000e858e00000)]
  0x00000208c2965000 JavaThread "Service Thread" daemon [_thread_blocked, id=11244, stack(0x000000e858e00000,0x000000e858f00000)]
  0x00000208c2968800 JavaThread "C2 CompilerThread0" daemon [_thread_blocked, id=11600, stack(0x000000e858f00000,0x000000e859000000)]
  0x00000208c29b4000 JavaThread "C1 CompilerThread0" daemon [_thread_blocked, id=7124, stack(0x000000e859000000,0x000000e859100000)]
  0x00000208c29b5000 JavaThread "Sweeper thread" daemon [_thread_blocked, id=8504, stack(0x000000e859100000,0x000000e859200000)]
  0x00000208c2b2f000 JavaThread "Common-Cleaner" daemon [_thread_blocked, id=15028, stack(0x000000e859300000,0x000000e859400000)]
  0x00000208c8070800 JavaThread "C2 CompilerThread1" daemon [_thread_in_native, id=2664, stack(0x000000e859700000,0x000000e859800000)]

Other Threads:
=>0x00000208c2112800 VMThread "VM Thread" [stack: 0x000000e858900000,0x000000e858a00000] [id=14088]
  0x00000208c2b26000 WatcherThread [stack: 0x000000e859200000,0x000000e859300000] [id=7996]
  0x00000208a5ff5000 GCTaskThread "GC Thread#0" [stack: 0x000000e858400000,0x000000e858500000] [id=8040]
  0x00000208c2fe7000 GCTaskThread "GC Thread#1" [stack: 0x000000e859400000,0x000000e859500000] [id=13224]
  0x00000208c2e5b800 GCTaskThread "GC Thread#2" [stack: 0x000000e859500000,0x000000e859600000] [id=13984]
  0x00000208c2e5c000 GCTaskThread "GC Thread#3" [stack: 0x000000e859600000,0x000000e859700000] [id=1464]
  0x00000208a603b800 ConcurrentGCThread "G1 Main Marker" [stack: 0x000000e858500000,0x000000e858600000] [id=10792]
  0x00000208a603d800 ConcurrentGCThread "G1 Conc#0" [stack: 0x000000e858600000,0x000000e858700000] [id=15932]
  0x00000208c1f7c800 ConcurrentGCThread "G1 Refine#0" [stack: 0x000000e858700000,0x000000e858800000] [id=13612]
  0x00000208c1f7d800 ConcurrentGCThread "G1 Young RemSet Sampling" [stack: 0x000000e858800000,0x000000e858900000] [id=13980]

Threads with active compile tasks:
C2 CompilerThread0   5256 4781       4       org.jetbrains.kotlin.serialization.deserialization.descriptors.DeserializedPackageMemberScope::hasClass (116 bytes)
C2 CompilerThread1   5256 4749       4       org.jetbrains.kotlin.serialization.deserialization.descriptors.DeserializedMemberScope::getContributedClassifier (63 bytes)

VM state:at safepoint (normal execution)

VM Mutex/Monitor currently owned by a thread:  ([mutex/lock_event])
[0x00000208a5fdae60] Threads_lock - owner thread: 0x00000208c2112800
[0x00000208a5fd9cf0] Heap_lock - owner thread: 0x00000208a5fdd800

Heap address: 0x0000000741e00000, size: 3042 MB, Compressed Oops mode: Zero based, Oop shift amount: 3
Narrow klass base: 0x0000000800000000, Narrow klass shift: 0
Compressed class space size: 1073741824 Address: 0x0000000800000000

Heap:
 garbage-first heap   total 236544K, used 34578K [0x0000000741e00000, 0x0000000800000000)
  region size 1024K, 11 young (11264K), 11 survivors (11264K)
 Metaspace       used 58471K, capacity 59181K, committed 59472K, reserved 1101824K
  class space    used 6820K, capacity 7074K, committed 7168K, reserved 1048576K
Heap Regions: E=young(eden), S=young(survivor), O=old, HS=humongous(starts), HC=humongous(continues), CS=collection set, F=free, A=archive, TAMS=top-at-mark-start (previous, next)
|   0|0x0000000741e00000, 0x0000000741f00000, 0x0000000741f00000|100%|HS|  |TAMS 0x0000000741f00000, 0x0000000741e00000| Complete 
|   1|0x0000000741f00000, 0x0000000742000000, 0x0000000742000000|100%|HC|  |TAMS 0x0000000742000000, 0x0000000741f00000| Complete 
|   2|0x0000000742000000, 0x0000000742100000, 0x0000000742100000|100%|HC|  |TAMS 0x0000000742100000, 0x0000000742000000| Complete 
|   3|0x0000000742100000, 0x0000000742200000, 0x0000000742200000|100%| O|  |TAMS 0x0000000742200000, 0x0000000742100000| Untracked 
|   4|0x0000000742200000, 0x0000000742300000, 0x0000000742300000|100%| O|  |TAMS 0x0000000742300000, 0x0000000742200000| Untracked 
|   5|0x0000000742300000, 0x0000000742400000, 0x0000000742400000|100%|HS|  |TAMS 0x0000000742400000, 0x0000000742300000| Complete 
|   6|0x0000000742400000, 0x0000000742500000, 0x0000000742500000|100%|HC|  |TAMS 0x0000000742500000, 0x0000000742400000| Complete 
|   7|0x0000000742500000, 0x0000000742600000, 0x0000000742600000|100%|HC|  |TAMS 0x0000000742600000, 0x0000000742500000| Complete 
|   8|0x0000000742600000, 0x0000000742600000, 0x0000000742700000|  0%| F|  |TAMS 0x0000000742600000, 0x0000000742600000| Untracked 
|   9|0x0000000742700000, 0x0000000742800000, 0x0000000742800000|100%| O|  |TAMS 0x0000000742700000, 0x0000000742700000| Untracked 
|  10|0x0000000742800000, 0x0000000742900000, 0x0000000742900000|100%| O|  |TAMS 0x0000000742900000, 0x0000000742800000| Untracked 
|  11|0x0000000742900000, 0x0000000742a00000, 0x0000000742a00000|100%| O|  |TAMS 0x0000000742a00000, 0x0000000742900000| Untracked 
|  12|0x0000000742a00000, 0x0000000742b00000, 0x0000000742b00000|100%| O|  |TAMS 0x0000000742b00000, 0x0000000742a00000| Untracked 
|  13|0x0000000742b00000, 0x0000000742c00000, 0x0000000742c00000|100%| O|  |TAMS 0x0000000742c00000, 0x0000000742b00000| Untracked 
|  14|0x0000000742c00000, 0x0000000742d00000, 0x0000000742d00000|100%| O|  |TAMS 0x0000000742d00000, 0x0000000742c00000| Untracked 
|  15|0x0000000742d00000, 0x0000000742e00000, 0x0000000742e00000|100%| O|  |TAMS 0x0000000742e00000, 0x0000000742d00000| Untracked 
|  16|0x0000000742e00000, 0x0000000742f00000, 0x0000000742f00000|100%| O|  |TAMS 0x0000000742f00000, 0x0000000742e00000| Untracked 
|  17|0x0000000742f00000, 0x0000000743000000, 0x0000000743000000|100%| O|  |TAMS 0x0000000743000000, 0x0000000742f00000| Untracked 
|  18|0x0000000743000000, 0x0000000743100000, 0x0000000743100000|100%| O|  |TAMS 0x0000000743100000, 0x0000000743000000| Untracked 
|  19|0x0000000743100000, 0x0000000743200000, 0x0000000743200000|100%| O|  |TAMS 0x0000000743200000, 0x0000000743100000| Untracked 
|  20|0x0000000743200000, 0x0000000743300000, 0x0000000743300000|100%|HS|  |TAMS 0x0000000743200000, 0x0000000743200000| Complete 
|  21|0x0000000743300000, 0x0000000743400000, 0x0000000743400000|100%|HC|  |TAMS 0x0000000743300000, 0x0000000743300000| Complete 
|  22|0x0000000743400000, 0x0000000743500000, 0x0000000743500000|100%| O|  |TAMS 0x0000000743400000, 0x0000000743400000| Untracked 
|  23|0x0000000743500000, 0x00000007435c4800, 0x0000000743600000| 76%| O|  |TAMS 0x0000000743500000, 0x0000000743500000| Untracked 
|  24|0x0000000743600000, 0x0000000743600000, 0x0000000743700000|  0%| F|  |TAMS 0x0000000743600000, 0x0000000743600000| Untracked 
|  25|0x0000000743700000, 0x0000000743700000, 0x0000000743800000|  0%| F|  |TAMS 0x0000000743700000, 0x0000000743700000| Untracked 
|  26|0x0000000743800000, 0x0000000743800000, 0x0000000743900000|  0%| F|  |TAMS 0x0000000743800000, 0x0000000743800000| Untracked 
|  27|0x0000000743900000, 0x0000000743900000, 0x0000000743a00000|  0%| F|  |TAMS 0x0000000743900000, 0x0000000743900000| Untracked 
|  28|0x0000000743a00000, 0x0000000743a00000, 0x0000000743b00000|  0%| F|  |TAMS 0x0000000743a00000, 0x0000000743a00000| Untracked 
|  29|0x0000000743b00000, 0x0000000743b00000, 0x0000000743c00000|  0%| F|  |TAMS 0x0000000743b00000, 0x0000000743b00000| Untracked 
|  30|0x0000000743c00000, 0x0000000743c00000, 0x0000000743d00000|  0%| F|  |TAMS 0x0000000743c00000, 0x0000000743c00000| Untracked 
|  31|0x0000000743d00000, 0x0000000743d00000, 0x0000000743e00000|  0%| F|  |TAMS 0x0000000743d00000, 0x0000000743d00000| Untracked 
|  32|0x0000000743e00000, 0x0000000743e00000, 0x0000000743f00000|  0%| F|  |TAMS 0x0000000743e00000, 0x0000000743e00000| Untracked 
|  33|0x0000000743f00000, 0x0000000743f00000, 0x0000000744000000|  0%| F|  |TAMS 0x0000000743f00000, 0x0000000743f00000| Untracked 
|  34|0x0000000744000000, 0x0000000744000000, 0x0000000744100000|  0%| F|  |TAMS 0x0000000744000000, 0x0000000744000000| Untracked 
|  35|0x0000000744100000, 0x0000000744100000, 0x0000000744200000|  0%| F|  |TAMS 0x0000000744100000, 0x0000000744100000| Untracked 
|  36|0x0000000744200000, 0x0000000744200000, 0x0000000744300000|  0%| F|  |TAMS 0x0000000744200000, 0x0000000744200000| Untracked 
|  37|0x0000000744300000, 0x0000000744300000, 0x0000000744400000|  0%| F|  |TAMS 0x0000000744300000, 0x0000000744300000| Untracked 
|  38|0x0000000744400000, 0x0000000744400000, 0x0000000744500000|  0%| F|  |TAMS 0x0000000744400000, 0x0000000744400000| Untracked 
|  39|0x0000000744500000, 0x0000000744500000, 0x0000000744600000|  0%| F|  |TAMS 0x0000000744500000, 0x0000000744500000| Untracked 
|  40|0x0000000744600000, 0x0000000744600000, 0x0000000744700000|  0%| F|  |TAMS 0x0000000744600000, 0x0000000744600000| Untracked 
|  41|0x0000000744700000, 0x0000000744700000, 0x0000000744800000|  0%| F|  |TAMS 0x0000000744700000, 0x0000000744700000| Untracked 
|  42|0x0000000744800000, 0x0000000744800000, 0x0000000744900000|  0%| F|  |TAMS 0x0000000744800000, 0x0000000744800000| Untracked 
|  43|0x0000000744900000, 0x0000000744900000, 0x0000000744a00000|  0%| F|  |TAMS 0x0000000744900000, 0x0000000744900000| Untracked 
|  44|0x0000000744a00000, 0x0000000744a00000, 0x0000000744b00000|  0%| F|  |TAMS 0x0000000744a00000, 0x0000000744a00000| Untracked 
|  45|0x0000000744b00000, 0x0000000744b00000, 0x0000000744c00000|  0%| F|  |TAMS 0x0000000744b00000, 0x0000000744b00000| Untracked 
|  46|0x0000000744c00000, 0x0000000744c00000, 0x0000000744d00000|  0%| F|  |TAMS 0x0000000744c00000, 0x0000000744c00000| Untracked 
|  47|0x0000000744d00000, 0x0000000744d00000, 0x0000000744e00000|  0%| F|  |TAMS 0x0000000744d00000, 0x0000000744d00000| Untracked 
|  48|0x0000000744e00000, 0x0000000744e00000, 0x0000000744f00000|  0%| F|  |TAMS 0x0000000744e00000, 0x0000000744e00000| Untracked 
|  49|0x0000000744f00000, 0x0000000744f00000, 0x0000000745000000|  0%| F|  |TAMS 0x0000000744f00000, 0x0000000744f00000| Untracked 
|  50|0x0000000745000000, 0x0000000745000000, 0x0000000745100000|  0%| F|  |TAMS 0x0000000745000000, 0x0000000745000000| Untracked 
|  51|0x0000000745100000, 0x0000000745100000, 0x0000000745200000|  0%| F|  |TAMS 0x0000000745100000, 0x0000000745100000| Untracked 
|  52|0x0000000745200000, 0x0000000745200000, 0x0000000745300000|  0%| F|  |TAMS 0x0000000745200000, 0x0000000745200000| Untracked 
|  53|0x0000000745300000, 0x0000000745300000, 0x0000000745400000|  0%| F|  |TAMS 0x0000000745300000, 0x0000000745300000| Untracked 
|  54|0x0000000745400000, 0x0000000745400000, 0x0000000745500000|  0%| F|  |TAMS 0x0000000745400000, 0x0000000745400000| Untracked 
|  55|0x0000000745500000, 0x0000000745500000, 0x0000000745600000|  0%| F|  |TAMS 0x0000000745500000, 0x0000000745500000| Untracked 
|  56|0x0000000745600000, 0x0000000745600000, 0x0000000745700000|  0%| F|  |TAMS 0x0000000745600000, 0x0000000745600000| Untracked 
|  57|0x0000000745700000, 0x0000000745700000, 0x0000000745800000|  0%| F|  |TAMS 0x0000000745700000, 0x0000000745700000| Untracked 
|  58|0x0000000745800000, 0x0000000745800000, 0x0000000745900000|  0%| F|  |TAMS 0x0000000745800000, 0x0000000745800000| Untracked 
|  59|0x0000000745900000, 0x0000000745900000, 0x0000000745a00000|  0%| F|  |TAMS 0x0000000745900000, 0x0000000745900000| Untracked 
|  60|0x0000000745a00000, 0x0000000745a00000, 0x0000000745b00000|  0%| F|  |TAMS 0x0000000745a00000, 0x0000000745a00000| Untracked 
|  61|0x0000000745b00000, 0x0000000745b00000, 0x0000000745c00000|  0%| F|  |TAMS 0x0000000745b00000, 0x0000000745b00000| Untracked 
|  62|0x0000000745c00000, 0x0000000745c00000, 0x0000000745d00000|  0%| F|  |TAMS 0x0000000745c00000, 0x0000000745c00000| Untracked 
|  63|0x0000000745d00000, 0x0000000745d00000, 0x0000000745e00000|  0%| F|  |TAMS 0x0000000745d00000, 0x0000000745d00000| Untracked 
|  64|0x0000000745e00000, 0x0000000745e00000, 0x0000000745f00000|  0%| F|  |TAMS 0x0000000745e00000, 0x0000000745e00000| Untracked 
|  65|0x0000000745f00000, 0x0000000745f00000, 0x0000000746000000|  0%| F|  |TAMS 0x0000000745f00000, 0x0000000745f00000| Untracked 
|  66|0x0000000746000000, 0x0000000746000000, 0x0000000746100000|  0%| F|  |TAMS 0x0000000746000000, 0x0000000746000000| Untracked 
|  67|0x0000000746100000, 0x0000000746100000, 0x0000000746200000|  0%| F|  |TAMS 0x0000000746100000, 0x0000000746100000| Untracked 
|  68|0x0000000746200000, 0x0000000746200000, 0x0000000746300000|  0%| F|  |TAMS 0x0000000746200000, 0x0000000746200000| Untracked 
|  69|0x0000000746300000, 0x0000000746300000, 0x0000000746400000|  0%| F|  |TAMS 0x0000000746300000, 0x0000000746300000| Untracked 
|  70|0x0000000746400000, 0x0000000746400000, 0x0000000746500000|  0%| F|  |TAMS 0x0000000746400000, 0x0000000746400000| Untracked 
|  71|0x0000000746500000, 0x0000000746500000, 0x0000000746600000|  0%| F|  |TAMS 0x0000000746500000, 0x0000000746500000| Untracked 
|  72|0x0000000746600000, 0x0000000746600000, 0x0000000746700000|  0%| F|  |TAMS 0x0000000746600000, 0x0000000746600000| Untracked 
|  73|0x0000000746700000, 0x0000000746700000, 0x0000000746800000|  0%| F|  |TAMS 0x0000000746700000, 0x0000000746700000| Untracked 
|  74|0x0000000746800000, 0x0000000746800000, 0x0000000746900000|  0%| F|  |TAMS 0x0000000746800000, 0x0000000746800000| Untracked 
|  75|0x0000000746900000, 0x0000000746900000, 0x0000000746a00000|  0%| F|  |TAMS 0x0000000746900000, 0x0000000746900000| Untracked 
|  76|0x0000000746a00000, 0x0000000746a00000, 0x0000000746b00000|  0%| F|  |TAMS 0x0000000746a00000, 0x0000000746a00000| Untracked 
|  77|0x0000000746b00000, 0x0000000746b00000, 0x0000000746c00000|  0%| F|  |TAMS 0x0000000746b00000, 0x0000000746b00000| Untracked 
|  78|0x0000000746c00000, 0x0000000746c00000, 0x0000000746d00000|  0%| F|  |TAMS 0x0000000746c00000, 0x0000000746c00000| Untracked 
|  79|0x0000000746d00000, 0x0000000746d00000, 0x0000000746e00000|  0%| F|  |TAMS 0x0000000746d00000, 0x0000000746d00000| Untracked 
|  80|0x0000000746e00000, 0x0000000746e00000, 0x0000000746f00000|  0%| F|  |TAMS 0x0000000746e00000, 0x0000000746e00000| Untracked 
|  81|0x0000000746f00000, 0x0000000746f00000, 0x0000000747000000|  0%| F|  |TAMS 0x0000000746f00000, 0x0000000746f00000| Untracked 
|  82|0x0000000747000000, 0x0000000747000000, 0x0000000747100000|  0%| F|  |TAMS 0x0000000747000000, 0x0000000747000000| Untracked 
|  83|0x0000000747100000, 0x0000000747100000, 0x0000000747200000|  0%| F|  |TAMS 0x0000000747100000, 0x0000000747100000| Untracked 
|  84|0x0000000747200000, 0x0000000747200000, 0x0000000747300000|  0%| F|  |TAMS 0x0000000747200000, 0x0000000747200000| Untracked 
|  85|0x0000000747300000, 0x0000000747300000, 0x0000000747400000|  0%| F|  |TAMS 0x0000000747300000, 0x0000000747300000| Untracked 
|  86|0x0000000747400000, 0x0000000747400000, 0x0000000747500000|  0%| F|  |TAMS 0x0000000747400000, 0x0000000747400000| Untracked 
|  87|0x0000000747500000, 0x0000000747500000, 0x0000000747600000|  0%| F|  |TAMS 0x0000000747500000, 0x0000000747500000| Untracked 
|  88|0x0000000747600000, 0x0000000747600000, 0x0000000747700000|  0%| F|  |TAMS 0x0000000747600000, 0x0000000747600000| Untracked 
|  89|0x0000000747700000, 0x0000000747700000, 0x0000000747800000|  0%| F|  |TAMS 0x0000000747700000, 0x0000000747700000| Untracked 
|  90|0x0000000747800000, 0x0000000747800000, 0x0000000747900000|  0%| F|  |TAMS 0x0000000747800000, 0x0000000747800000| Untracked 
|  91|0x0000000747900000, 0x0000000747900000, 0x0000000747a00000|  0%| F|  |TAMS 0x0000000747900000, 0x0000000747900000| Untracked 
|  92|0x0000000747a00000, 0x0000000747a00000, 0x0000000747b00000|  0%| F|  |TAMS 0x0000000747a00000, 0x0000000747a00000| Untracked 
|  93|0x0000000747b00000, 0x0000000747b00000, 0x0000000747c00000|  0%| F|  |TAMS 0x0000000747b00000, 0x0000000747b00000| Untracked 
|  94|0x0000000747c00000, 0x0000000747c00000, 0x0000000747d00000|  0%| F|  |TAMS 0x0000000747c00000, 0x0000000747c00000| Untracked 
|  95|0x0000000747d00000, 0x0000000747d00000, 0x0000000747e00000|  0%| F|  |TAMS 0x0000000747d00000, 0x0000000747d00000| Untracked 
|  96|0x0000000747e00000, 0x0000000747e00000, 0x0000000747f00000|  0%| F|  |TAMS 0x0000000747e00000, 0x0000000747e00000| Untracked 
|  97|0x0000000747f00000, 0x0000000748000000, 0x0000000748000000|100%| S|CS|TAMS 0x0000000747f00000, 0x0000000747f00000| Complete 
|  98|0x0000000748000000, 0x0000000748100000, 0x0000000748100000|100%| S|CS|TAMS 0x0000000748000000, 0x0000000748000000| Complete 
|  99|0x0000000748100000, 0x0000000748200000, 0x0000000748200000|100%| S|CS|TAMS 0x0000000748100000, 0x0000000748100000| Complete 
| 100|0x0000000748200000, 0x0000000748300000, 0x0000000748300000|100%| S|CS|TAMS 0x0000000748200000, 0x0000000748200000| Complete 
| 101|0x0000000748300000, 0x0000000748400000, 0x0000000748400000|100%| S|CS|TAMS 0x0000000748300000, 0x0000000748300000| Complete 
| 102|0x0000000748400000, 0x0000000748500000, 0x0000000748500000|100%| S|CS|TAMS 0x0000000748400000, 0x0000000748400000| Complete 
| 103|0x0000000748500000, 0x0000000748600000, 0x0000000748600000|100%| S|CS|TAMS 0x0000000748500000, 0x0000000748500000| Complete 
| 104|0x0000000748600000, 0x0000000748700000, 0x0000000748700000|100%| S|CS|TAMS 0x0000000748600000, 0x0000000748600000| Complete 
| 105|0x0000000748700000, 0x0000000748800000, 0x0000000748800000|100%| S|CS|TAMS 0x0000000748700000, 0x0000000748700000| Complete 
| 106|0x0000000748800000, 0x0000000748900000, 0x0000000748900000|100%| S|CS|TAMS 0x0000000748800000, 0x0000000748800000| Complete 
| 107|0x0000000748900000, 0x0000000748a00000, 0x0000000748a00000|100%| S|CS|TAMS 0x0000000748900000, 0x0000000748900000| Complete 
| 108|0x0000000748a00000, 0x0000000748a00000, 0x0000000748b00000|  0%| F|  |TAMS 0x0000000748a00000, 0x0000000748a00000| Untracked 
| 109|0x0000000748b00000, 0x0000000748b00000, 0x0000000748c00000|  0%| F|  |TAMS 0x0000000748b00000, 0x0000000748b00000| Untracked 
| 110|0x0000000748c00000, 0x0000000748c00000, 0x0000000748d00000|  0%| F|  |TAMS 0x0000000748c00000, 0x0000000748c00000| Untracked 
| 111|0x0000000748d00000, 0x0000000748d00000, 0x0000000748e00000|  0%| F|  |TAMS 0x0000000748d00000, 0x0000000748d00000| Untracked 
| 112|0x0000000748e00000, 0x0000000748e00000, 0x0000000748f00000|  0%| F|  |TAMS 0x0000000748e00000, 0x0000000748e00000| Untracked 
| 113|0x0000000748f00000, 0x0000000748f00000, 0x0000000749000000|  0%| F|  |TAMS 0x0000000748f00000, 0x0000000748f00000| Untracked 
| 114|0x0000000749000000, 0x0000000749000000, 0x0000000749100000|  0%| F|  |TAMS 0x0000000749000000, 0x0000000749000000| Untracked 
| 115|0x0000000749100000, 0x0000000749100000, 0x0000000749200000|  0%| F|  |TAMS 0x0000000749100000, 0x0000000749100000| Untracked 
| 116|0x0000000749200000, 0x0000000749200000, 0x0000000749300000|  0%| F|  |TAMS 0x0000000749200000, 0x0000000749200000| Untracked 
| 117|0x0000000749300000, 0x0000000749300000, 0x0000000749400000|  0%| F|  |TAMS 0x0000000749300000, 0x0000000749300000| Untracked 
| 118|0x0000000749400000, 0x0000000749400000, 0x0000000749500000|  0%| F|  |TAMS 0x0000000749400000, 0x0000000749400000| Untracked 
| 119|0x0000000749500000, 0x0000000749500000, 0x0000000749600000|  0%| F|  |TAMS 0x0000000749500000, 0x0000000749500000| Untracked 
| 120|0x0000000749600000, 0x0000000749600000, 0x0000000749700000|  0%| F|  |TAMS 0x0000000749600000, 0x0000000749600000| Untracked 
| 121|0x0000000749700000, 0x0000000749700000, 0x0000000749800000|  0%| F|  |TAMS 0x0000000749700000, 0x0000000749700000| Untracked 
| 122|0x0000000749800000, 0x0000000749800000, 0x0000000749900000|  0%| F|  |TAMS 0x0000000749800000, 0x0000000749800000| Untracked 
| 123|0x0000000749900000, 0x0000000749900000, 0x0000000749a00000|  0%| F|  |TAMS 0x0000000749900000, 0x0000000749900000| Untracked 
| 124|0x0000000749a00000, 0x0000000749a00000, 0x0000000749b00000|  0%| F|  |TAMS 0x0000000749a00000, 0x0000000749a00000| Untracked 
| 125|0x0000000749b00000, 0x0000000749b00000, 0x0000000749c00000|  0%| F|  |TAMS 0x0000000749b00000, 0x0000000749b00000| Untracked 
| 126|0x0000000749c00000, 0x0000000749c00000, 0x0000000749d00000|  0%| F|  |TAMS 0x0000000749c00000, 0x0000000749c00000| Untracked 
| 127|0x0000000749d00000, 0x0000000749d00000, 0x0000000749e00000|  0%| F|  |TAMS 0x0000000749d00000, 0x0000000749d00000| Untracked 
| 128|0x0000000749e00000, 0x0000000749e00000, 0x0000000749f00000|  0%| F|  |TAMS 0x0000000749e00000, 0x0000000749e00000| Untracked 
| 129|0x0000000749f00000, 0x0000000749f00000, 0x000000074a000000|  0%| F|  |TAMS 0x0000000749f00000, 0x0000000749f00000| Untracked 
| 130|0x000000074a000000, 0x000000074a000000, 0x000000074a100000|  0%| F|  |TAMS 0x000000074a000000, 0x000000074a000000| Untracked 
| 131|0x000000074a100000, 0x000000074a100000, 0x000000074a200000|  0%| F|  |TAMS 0x000000074a100000, 0x000000074a100000| Untracked 
| 132|0x000000074a200000, 0x000000074a200000, 0x000000074a300000|  0%| F|  |TAMS 0x000000074a200000, 0x000000074a200000| Untracked 
| 133|0x000000074a300000, 0x000000074a300000, 0x000000074a400000|  0%| F|  |TAMS 0x000000074a300000, 0x000000074a300000| Untracked 
| 134|0x000000074a400000, 0x000000074a400000, 0x000000074a500000|  0%| F|  |TAMS 0x000000074a400000, 0x000000074a400000| Untracked 
| 135|0x000000074a500000, 0x000000074a500000, 0x000000074a600000|  0%| F|  |TAMS 0x000000074a500000, 0x000000074a500000| Untracked 
| 136|0x000000074a600000, 0x000000074a600000, 0x000000074a700000|  0%| F|  |TAMS 0x000000074a600000, 0x000000074a600000| Untracked 
| 137|0x000000074a700000, 0x000000074a700000, 0x000000074a800000|  0%| F|  |TAMS 0x000000074a700000, 0x000000074a700000| Untracked 
| 138|0x000000074a800000, 0x000000074a800000, 0x000000074a900000|  0%| F|  |TAMS 0x000000074a800000, 0x000000074a800000| Untracked 
| 139|0x000000074a900000, 0x000000074a900000, 0x000000074aa00000|  0%| F|  |TAMS 0x000000074a900000, 0x000000074a900000| Untracked 
| 140|0x000000074aa00000, 0x000000074aa00000, 0x000000074ab00000|  0%| F|  |TAMS 0x000000074aa00000, 0x000000074aa00000| Untracked 
| 141|0x000000074ab00000, 0x000000074ab00000, 0x000000074ac00000|  0%| F|  |TAMS 0x000000074ab00000, 0x000000074ab00000| Untracked 
| 142|0x000000074ac00000, 0x000000074ac00000, 0x000000074ad00000|  0%| F|  |TAMS 0x000000074ac00000, 0x000000074ac00000| Untracked 
| 143|0x000000074ad00000, 0x000000074ad00000, 0x000000074ae00000|  0%| F|  |TAMS 0x000000074ad00000, 0x000000074ad00000| Untracked 
| 144|0x000000074ae00000, 0x000000074ae00000, 0x000000074af00000|  0%| F|  |TAMS 0x000000074ae00000, 0x000000074ae00000| Untracked 
| 145|0x000000074af00000, 0x000000074af00000, 0x000000074b000000|  0%| F|  |TAMS 0x000000074af00000, 0x000000074af00000| Untracked 
| 146|0x000000074b000000, 0x000000074b000000, 0x000000074b100000|  0%| F|  |TAMS 0x000000074b000000, 0x000000074b000000| Untracked 
| 147|0x000000074b100000, 0x000000074b100000, 0x000000074b200000|  0%| F|  |TAMS 0x000000074b100000, 0x000000074b100000| Untracked 
| 148|0x000000074b200000, 0x000000074b200000, 0x000000074b300000|  0%| F|  |TAMS 0x000000074b200000, 0x000000074b200000| Untracked 
| 149|0x000000074b300000, 0x000000074b300000, 0x000000074b400000|  0%| F|  |TAMS 0x000000074b300000, 0x000000074b300000| Untracked 
| 150|0x000000074b400000, 0x000000074b400000, 0x000000074b500000|  0%| F|  |TAMS 0x000000074b400000, 0x000000074b400000| Untracked 
| 151|0x000000074b500000, 0x000000074b500000, 0x000000074b600000|  0%| F|  |TAMS 0x000000074b500000, 0x000000074b500000| Untracked 
| 152|0x000000074b600000, 0x000000074b600000, 0x000000074b700000|  0%| F|  |TAMS 0x000000074b600000, 0x000000074b600000| Untracked 
| 153|0x000000074b700000, 0x000000074b700000, 0x000000074b800000|  0%| F|  |TAMS 0x000000074b700000, 0x000000074b700000| Untracked 
| 154|0x000000074b800000, 0x000000074b800000, 0x000000074b900000|  0%| F|  |TAMS 0x000000074b800000, 0x000000074b800000| Untracked 
| 155|0x000000074b900000, 0x000000074b900000, 0x000000074ba00000|  0%| F|  |TAMS 0x000000074b900000, 0x000000074b900000| Untracked 
| 156|0x000000074ba00000, 0x000000074ba00000, 0x000000074bb00000|  0%| F|  |TAMS 0x000000074ba00000, 0x000000074ba00000| Untracked 
| 157|0x000000074bb00000, 0x000000074bb00000, 0x000000074bc00000|  0%| F|  |TAMS 0x000000074bb00000, 0x000000074bb00000| Untracked 
| 158|0x000000074bc00000, 0x000000074bc00000, 0x000000074bd00000|  0%| F|  |TAMS 0x000000074bc00000, 0x000000074bc00000| Untracked 
| 159|0x000000074bd00000, 0x000000074bd00000, 0x000000074be00000|  0%| F|  |TAMS 0x000000074bd00000, 0x000000074bd00000| Untracked 
| 160|0x000000074be00000, 0x000000074be00000, 0x000000074bf00000|  0%| F|  |TAMS 0x000000074be00000, 0x000000074be00000| Untracked 
| 161|0x000000074bf00000, 0x000000074bf00000, 0x000000074c000000|  0%| F|  |TAMS 0x000000074bf00000, 0x000000074bf00000| Untracked 
| 162|0x000000074c000000, 0x000000074c000000, 0x000000074c100000|  0%| F|  |TAMS 0x000000074c000000, 0x000000074c000000| Untracked 
| 163|0x000000074c100000, 0x000000074c100000, 0x000000074c200000|  0%| F|  |TAMS 0x000000074c100000, 0x000000074c100000| Untracked 
| 164|0x000000074c200000, 0x000000074c200000, 0x000000074c300000|  0%| F|  |TAMS 0x000000074c200000, 0x000000074c200000| Untracked 
| 165|0x000000074c300000, 0x000000074c300000, 0x000000074c400000|  0%| F|  |TAMS 0x000000074c300000, 0x000000074c300000| Untracked 
| 166|0x000000074c400000, 0x000000074c400000, 0x000000074c500000|  0%| F|  |TAMS 0x000000074c400000, 0x000000074c400000| Untracked 
| 167|0x000000074c500000, 0x000000074c500000, 0x000000074c600000|  0%| F|  |TAMS 0x000000074c500000, 0x000000074c500000| Untracked 
| 168|0x000000074c600000, 0x000000074c600000, 0x000000074c700000|  0%| F|  |TAMS 0x000000074c600000, 0x000000074c600000| Untracked 
| 169|0x000000074c700000, 0x000000074c700000, 0x000000074c800000|  0%| F|  |TAMS 0x000000074c700000, 0x000000074c700000| Untracked 
| 170|0x000000074c800000, 0x000000074c800000, 0x000000074c900000|  0%| F|  |TAMS 0x000000074c800000, 0x000000074c800000| Untracked 
| 171|0x000000074c900000, 0x000000074c900000, 0x000000074ca00000|  0%| F|  |TAMS 0x000000074c900000, 0x000000074c900000| Untracked 
| 172|0x000000074ca00000, 0x000000074ca00000, 0x000000074cb00000|  0%| F|  |TAMS 0x000000074ca00000, 0x000000074ca00000| Untracked 
| 173|0x000000074cb00000, 0x000000074cb00000, 0x000000074cc00000|  0%| F|  |TAMS 0x000000074cb00000, 0x000000074cb00000| Untracked 
| 174|0x000000074cc00000, 0x000000074cc00000, 0x000000074cd00000|  0%| F|  |TAMS 0x000000074cc00000, 0x000000074cc00000| Untracked 
| 175|0x000000074cd00000, 0x000000074cd00000, 0x000000074ce00000|  0%| F|  |TAMS 0x000000074cd00000, 0x000000074cd00000| Untracked 
| 176|0x000000074ce00000, 0x000000074ce00000, 0x000000074cf00000|  0%| F|  |TAMS 0x000000074ce00000, 0x000000074ce00000| Untracked 
| 177|0x000000074cf00000, 0x000000074cf00000, 0x000000074d000000|  0%| F|  |TAMS 0x000000074cf00000, 0x000000074cf00000| Untracked 
| 178|0x000000074d000000, 0x000000074d000000, 0x000000074d100000|  0%| F|  |TAMS 0x000000074d000000, 0x000000074d000000| Untracked 
| 179|0x000000074d100000, 0x000000074d100000, 0x000000074d200000|  0%| F|  |TAMS 0x000000074d100000, 0x000000074d100000| Untracked 
| 180|0x000000074d200000, 0x000000074d200000, 0x000000074d300000|  0%| F|  |TAMS 0x000000074d200000, 0x000000074d200000| Untracked 
| 181|0x000000074d300000, 0x000000074d300000, 0x000000074d400000|  0%| F|  |TAMS 0x000000074d300000, 0x000000074d300000| Untracked 
| 182|0x000000074d400000, 0x000000074d400000, 0x000000074d500000|  0%| F|  |TAMS 0x000000074d400000, 0x000000074d400000| Untracked 
| 183|0x000000074d500000, 0x000000074d500000, 0x000000074d600000|  0%| F|  |TAMS 0x000000074d500000, 0x000000074d500000| Untracked 
| 184|0x000000074d600000, 0x000000074d600000, 0x000000074d700000|  0%| F|  |TAMS 0x000000074d600000, 0x000000074d600000| Untracked 
| 185|0x000000074d700000, 0x000000074d700000, 0x000000074d800000|  0%| F|  |TAMS 0x000000074d700000, 0x000000074d700000| Untracked 
| 186|0x000000074d800000, 0x000000074d800000, 0x000000074d900000|  0%| F|  |TAMS 0x000000074d800000, 0x000000074d800000| Untracked 
| 187|0x000000074d900000, 0x000000074d900000, 0x000000074da00000|  0%| F|  |TAMS 0x000000074d900000, 0x000000074d900000| Untracked 
| 188|0x000000074da00000, 0x000000074da00000, 0x000000074db00000|  0%| F|  |TAMS 0x000000074da00000, 0x000000074da00000| Untracked 
| 189|0x000000074db00000, 0x000000074db00000, 0x000000074dc00000|  0%| F|  |TAMS 0x000000074db00000, 0x000000074db00000| Untracked 
| 190|0x000000074dc00000, 0x000000074dc00000, 0x000000074dd00000|  0%| F|  |TAMS 0x000000074dc00000, 0x000000074dc00000| Untracked 
| 191|0x000000074dd00000, 0x000000074dd00000, 0x000000074de00000|  0%| F|  |TAMS 0x000000074dd00000, 0x000000074dd00000| Untracked 

Card table byte_map: [0x00000208b90d0000,0x00000208b96d0000] _byte_map_base: 0x00000208b56c1000

Marking Bits (Prev, Next): (CMBitMap*) 0x00000208a602e9e8, (CMBitMap*) 0x00000208a602ea20
 Prev Bits: [0x00000208b9cd0000, 0x00000208bcc58000)
 Next Bits: [0x00000208bcc60000, 0x00000208bfbe8000)

Polling page: 0x00000208a3e30000

Metaspace:

Usage:
  Non-class:     50.89 MB capacity,    50.44 MB (>99%) used,   364.36 KB ( <1%) free+waste,    91.75 KB ( <1%) overhead. 
      Class:      6.91 MB capacity,     6.66 MB ( 96%) used,   211.88 KB (  3%) free+waste,    41.31 KB ( <1%) overhead. 
       Both:     57.79 MB capacity,    57.10 MB ( 99%) used,   576.24 KB ( <1%) free+waste,   133.06 KB ( <1%) overhead. 

Virtual space:
  Non-class space:       52.00 MB reserved,      51.08 MB ( 98%) committed 
      Class space:        1.00 GB reserved,       7.00 MB ( <1%) committed 
             Both:        1.05 GB reserved,      58.08 MB (  5%) committed 

Chunk freelists:
   Non-Class:  5.00 KB
       Class:  0 bytes
        Both:  5.00 KB

MaxMetaspaceSize: 17179869184.00 GB
CompressedClassSpaceSize: 1.00 GB

CodeHeap 'non-profiled nmethods': size=120064Kb used=2065Kb max_used=2065Kb free=117998Kb
 bounds [0x00000208b1590000, 0x00000208b1800000, 0x00000208b8ad0000]
CodeHeap 'profiled nmethods': size=120000Kb used=10159Kb max_used=10159Kb free=109841Kb
 bounds [0x00000208aa060000, 0x00000208aaa50000, 0x00000208b1590000]
CodeHeap 'non-nmethods': size=5696Kb used=1233Kb max_used=1270Kb free=4462Kb
 bounds [0x00000208a9ad0000, 0x00000208a9d40000, 0x00000208aa060000]
 total_blobs=5367 nmethods=4776 adapters=500
 compilation: enabled
              stopped_count=0, restarted_count=0
 full_count=0

Compilation events (20 events):
Event: 5.217 Thread 0x00000208c29b4000 nmethod 4779 0x00000208aaa44310 code [0x00000208aaa444c0, 0x00000208aaa44648]
Event: 5.217 Thread 0x00000208c29b4000 4780       3       org.jetbrains.kotlin.builtins.FunctionTypesKt::isSuspendFunctionType (43 bytes)
Event: 5.218 Thread 0x00000208c2968800 4781       4       org.jetbrains.kotlin.serialization.deserialization.descriptors.DeserializedPackageMemberScope::hasClass (116 bytes)
Event: 5.218 Thread 0x00000208c29b4000 nmethod 4780 0x00000208aaa44710 code [0x00000208aaa44ac0, 0x00000208aaa46038]
Event: 5.219 Thread 0x00000208c29b4000 4782       3       org.jetbrains.kotlin.descriptors.annotations.AnnotationSplitter$LazySplitAnnotations::findAnnotation (17 bytes)
Event: 5.220 Thread 0x00000208c29b4000 nmethod 4782 0x00000208aaa46690 code [0x00000208aaa46a00, 0x00000208aaa47cd8]
Event: 5.220 Thread 0x00000208c29b4000 4783       1       org.jetbrains.kotlin.descriptors.impl.PropertyGetterDescriptorImpl::getReturnType (5 bytes)
Event: 5.220 Thread 0x00000208c29b4000 nmethod 4783 0x00000208b1794390 code [0x00000208b1794540, 0x00000208b17945f8]
Event: 5.220 Thread 0x00000208c29b4000 4784       3       org.jetbrains.kotlin.resolve.jvm.JvmClassName::<init> (18 bytes)
Event: 5.220 Thread 0x00000208c29b4000 nmethod 4784 0x00000208aaa48310 code [0x00000208aaa484e0, 0x00000208aaa48708]
Event: 5.220 Thread 0x00000208c29b4000 4786       3       kotlin.text.StringsKt__StringsKt::substringAfter (82 bytes)
Event: 5.221 Thread 0x00000208c29b4000 nmethod 4786 0x00000208aaa48810 code [0x00000208aaa48ba0, 0x00000208aaa49e68]
Event: 5.222 Thread 0x00000208c29b4000 4787       3       kotlin.jvm.internal.Ref$ObjectRef::<init> (5 bytes)
Event: 5.222 Thread 0x00000208c29b4000 nmethod 4787 0x00000208aaa4a590 code [0x00000208aaa4a740, 0x00000208aaa4a898]
Event: 5.223 Thread 0x00000208c29b4000 4788       3       java.util.HashSet::contains (9 bytes)
Event: 5.224 Thread 0x00000208c29b4000 nmethod 4788 0x00000208aaa4a990 code [0x00000208aaa4ab40, 0x00000208aaa4ad08]
Event: 5.224 Thread 0x00000208c29b4000 4790       3       org.jetbrains.kotlin.com.google.common.collect.RegularImmutableMap::get (64 bytes)
Event: 5.224 Thread 0x00000208c29b4000 nmethod 4790 0x00000208aaa4ae10 code [0x00000208aaa4b020, 0x00000208aaa4b688]
Event: 5.224 Thread 0x00000208c29b4000 4789       3       org.jetbrains.kotlin.com.google.common.collect.RegularImmutableMap::get (13 bytes)
Event: 5.224 Thread 0x00000208c29b4000 nmethod 4789 0x00000208aaa4b890 code [0x00000208aaa4ba40, 0x00000208aaa4bb88]

GC Heap History (11 events):
Event: 0.784 GC heap before
{Heap before GC invocations=0 (full 0):
 garbage-first heap   total 196608K, used 17408K [0x0000000741e00000, 0x0000000800000000)
  region size 1024K, 14 young (14336K), 0 survivors (0K)
 Metaspace       used 9774K, capacity 9874K, committed 10112K, reserved 1058816K
  class space    used 832K, capacity 885K, committed 896K, reserved 1048576K
}
Event: 0.787 GC heap after
{Heap after GC invocations=1 (full 0):
 garbage-first heap   total 196608K, used 5225K [0x0000000741e00000, 0x0000000800000000)
  region size 1024K, 2 young (2048K), 2 survivors (2048K)
 Metaspace       used 9774K, capacity 9874K, committed 10112K, reserved 1058816K
  class space    used 832K, capacity 885K, committed 896K, reserved 1048576K
}
Event: 1.594 GC heap before
{Heap before GC invocations=1 (full 0):
 garbage-first heap   total 196608K, used 50281K [0x0000000741e00000, 0x0000000800000000)
  region size 1024K, 47 young (48128K), 2 survivors (2048K)
 Metaspace       used 20923K, capacity 21146K, committed 21296K, reserved 1069056K
  class space    used 2265K, capacity 2347K, committed 2432K, reserved 1048576K
}
Event: 1.606 GC heap after
{Heap after GC invocations=2 (full 0):
 garbage-first heap   total 196608K, used 9237K [0x0000000741e00000, 0x0000000800000000)
  region size 1024K, 6 young (6144K), 6 survivors (6144K)
 Metaspace       used 20923K, capacity 21146K, committed 21296K, reserved 1069056K
  class space    used 2265K, capacity 2347K, committed 2432K, reserved 1048576K
}
Event: 2.492 GC heap before
{Heap before GC invocations=3 (full 0):
 garbage-first heap   total 196608K, used 62485K [0x0000000741e00000, 0x0000000800000000)
  region size 1024K, 53 young (54272K), 6 survivors (6144K)
 Metaspace       used 31777K, capacity 32232K, committed 32432K, reserved 1077248K
  class space    used 3796K, capacity 3976K, committed 4096K, reserved 1048576K
}
Event: 2.507 GC heap after
{Heap after GC invocations=4 (full 0):
 garbage-first heap   total 196608K, used 20551K [0x0000000741e00000, 0x0000000800000000)
  region size 1024K, 7 young (7168K), 7 survivors (7168K)
 Metaspace       used 31777K, capacity 32232K, committed 32432K, reserved 1077248K
  class space    used 3796K, capacity 3976K, committed 4096K, reserved 1048576K
}
Event: 2.729 GC heap before
{Heap before GC invocations=4 (full 0):
 garbage-first heap   total 196608K, used 40007K [0x0000000741e00000, 0x0000000800000000)
  region size 1024K, 27 young (27648K), 7 survivors (7168K)
 Metaspace       used 35361K, capacity 35794K, committed 35920K, reserved 1081344K
  class space    used 4412K, capacity 4586K, committed 4608K, reserved 1048576K
}
Event: 2.740 GC heap after
{Heap after GC invocations=5 (full 0):
 garbage-first heap   total 196608K, used 23552K [0x0000000741e00000, 0x0000000800000000)
  region size 1024K, 3 young (3072K), 3 survivors (3072K)
 Metaspace       used 35361K, capacity 35794K, committed 35920K, reserved 1081344K
  class space    used 4412K, capacity 4586K, committed 4608K, reserved 1048576K
}
Event: 3.779 GC heap before
{Heap before GC invocations=6 (full 0):
 garbage-first heap   total 196608K, used 84992K [0x0000000741e00000, 0x0000000800000000)
  region size 1024K, 63 young (64512K), 3 survivors (3072K)
 Metaspace       used 48639K, capacity 49236K, committed 49488K, reserved 1093632K
  class space    used 5800K, capacity 6053K, committed 6144K, reserved 1048576K
}
Event: 3.791 GC heap after
{Heap after GC invocations=7 (full 0):
 garbage-first heap   total 196608K, used 26624K [0x0000000741e00000, 0x0000000800000000)
  region size 1024K, 8 young (8192K), 8 survivors (8192K)
 Metaspace       used 48639K, capacity 49236K, committed 49488K, reserved 1093632K
  class space    used 5800K, capacity 6053K, committed 6144K, reserved 1048576K
}
Event: 5.226 GC heap before
{Heap before GC invocations=7 (full 0):
 garbage-first heap   total 196608K, used 107520K [0x0000000741e00000, 0x0000000800000000)
  region size 1024K, 84 young (86016K), 8 survivors (8192K)
 Metaspace       used 58471K, capacity 59181K, committed 59472K, reserved 1101824K
  class space    used 6820K, capacity 7074K, committed 7168K, reserved 1048576K
}

Deoptimization events (20 events):
Event: 5.075 Thread 0x00000208a5fdd800 Uncommon trap: trap_request=0xffffffde fr.pc=0x00000208b176a6a0 relative=0x0000000000000480
Event: 5.075 Thread 0x00000208a5fdd800 Uncommon trap: reason=class_check action=maybe_recompile pc=0x00000208b176a6a0 method=java.util.regex.Pattern$Start.match(Ljava/util/regex/Matcher;ILjava/lang/CharSequence;)Z @ 44 c2
Event: 5.075 Thread 0x00000208a5fdd800 DEOPT PACKING pc=0x00000208b176a6a0 sp=0x000000e8583fdc80
Event: 5.075 Thread 0x00000208a5fdd800 DEOPT UNPACKING pc=0x00000208a9af68af sp=0x000000e8583fdbc0 mode 2
Event: 5.075 Thread 0x00000208a5fdd800 Uncommon trap: trap_request=0xffffffde fr.pc=0x00000208b176a6a0 relative=0x0000000000000480
Event: 5.075 Thread 0x00000208a5fdd800 Uncommon trap: reason=class_check action=maybe_recompile pc=0x00000208b176a6a0 method=java.util.regex.Pattern$Start.match(Ljava/util/regex/Matcher;ILjava/lang/CharSequence;)Z @ 44 c2
Event: 5.075 Thread 0x00000208a5fdd800 DEOPT PACKING pc=0x00000208b176a6a0 sp=0x000000e8583fdc80
Event: 5.075 Thread 0x00000208a5fdd800 DEOPT UNPACKING pc=0x00000208a9af68af sp=0x000000e8583fdbc0 mode 2
Event: 5.221 Thread 0x00000208a5fdd800 Uncommon trap: trap_request=0xffffff4d fr.pc=0x00000208b176bf1c relative=0x000000000000043c
Event: 5.221 Thread 0x00000208a5fdd800 Uncommon trap: reason=unstable_if action=reinterpret pc=0x00000208b176bf1c method=java.util.HashMap.hash(Ljava/lang/Object;)I @ 1 c2
Event: 5.221 Thread 0x00000208a5fdd800 DEOPT PACKING pc=0x00000208b176bf1c sp=0x000000e8583fd170
Event: 5.221 Thread 0x00000208a5fdd800 DEOPT UNPACKING pc=0x00000208a9af68af sp=0x000000e8583fd048 mode 2
Event: 5.222 Thread 0x00000208a5fdd800 Uncommon trap: trap_request=0xffffff4d fr.pc=0x00000208b16244ec relative=0x000000000000022c
Event: 5.222 Thread 0x00000208a5fdd800 Uncommon trap: reason=unstable_if action=reinterpret pc=0x00000208b16244ec method=java.util.HashMap.hash(Ljava/lang/Object;)I @ 1 c2
Event: 5.222 Thread 0x00000208a5fdd800 DEOPT PACKING pc=0x00000208b16244ec sp=0x000000e8583fd100
Event: 5.222 Thread 0x00000208a5fdd800 DEOPT UNPACKING pc=0x00000208a9af68af sp=0x000000e8583fd040 mode 2
Event: 5.222 Thread 0x00000208a5fdd800 Uncommon trap: trap_request=0xffffff4d fr.pc=0x00000208b169a138 relative=0x0000000000000098
Event: 5.222 Thread 0x00000208a5fdd800 Uncommon trap: reason=unstable_if action=reinterpret pc=0x00000208b169a138 method=java.util.HashMap.hash(Ljava/lang/Object;)I @ 1 c2
Event: 5.222 Thread 0x00000208a5fdd800 DEOPT PACKING pc=0x00000208b169a138 sp=0x000000e8583fd0b0
Event: 5.222 Thread 0x00000208a5fdd800 DEOPT UNPACKING pc=0x00000208a9af68af sp=0x000000e8583fd048 mode 2

Classes redefined (0 events):
No events

Internal exceptions (20 events):
Event: 1.960 Thread 0x00000208a5fdd800 Exception <a 'sun/nio/fs/WindowsException'{0x000000074cc82dd8}> (0x000000074cc82dd8) thrown at [./src/hotspot/share/prims/jni.cpp, line 615]
Event: 1.960 Thread 0x00000208a5fdd800 Exception <a 'sun/nio/fs/WindowsException'{0x000000074cc83670}> (0x000000074cc83670) thrown at [./src/hotspot/share/prims/jni.cpp, line 615]
Event: 1.960 Thread 0x00000208a5fdd800 Exception <a 'sun/nio/fs/WindowsException'{0x000000074cc84068}> (0x000000074cc84068) thrown at [./src/hotspot/share/prims/jni.cpp, line 615]
Event: 1.960 Thread 0x00000208a5fdd800 Exception <a 'sun/nio/fs/WindowsException'{0x000000074cc84970}> (0x000000074cc84970) thrown at [./src/hotspot/share/prims/jni.cpp, line 615]
Event: 1.960 Thread 0x00000208a5fdd800 Exception <a 'sun/nio/fs/WindowsException'{0x000000074cc852a8}> (0x000000074cc852a8) thrown at [./src/hotspot/share/prims/jni.cpp, line 615]
Event: 1.963 Thread 0x00000208a5fdd800 Exception <a 'java/lang/NoSuchMethodError'{0x000000074cc8c358}: 'void java.lang.invoke.DirectMethodHandle$Holder.invokeStatic(java.lang.Object, java.lang.Object, java.lang.Object, java.lang.Object)'> (0x000000074cc8c358) thrown at [./src/hotspot/share/interpreter/linkResolver.cpp, line 773]
Event: 2.034 Thread 0x00000208a5fdd800 Exception <a 'java/lang/NoSuchMethodError'{0x000000074c873368}: 'void java.lang.invoke.DirectMethodHandle$Holder.invokeStaticInit(java.lang.Object, java.lang.Object)'> (0x000000074c873368) thrown at [./src/hotspot/share/interpreter/linkResolver.cpp, line 773]
Event: 2.120 Thread 0x00000208a5fdd800 Exception <a 'java/lang/NoSuchMethodError'{0x000000074c215350}: 'void java.lang.invoke.DirectMethodHandle$Holder.invokeVirtual(java.lang.Object, java.lang.Object)'> (0x000000074c215350) thrown at [./src/hotspot/share/interpreter/linkResolver.cpp, line 773]
Event: 2.129 Thread 0x00000208a5fdd800 Exception <a 'java/lang/NoSuchMethodError'{0x000000074c288ef8}: 'int java.lang.invoke.DirectMethodHandle$Holder.invokeVirtual(java.lang.Object, java.lang.Object)'> (0x000000074c288ef8) thrown at [./src/hotspot/share/interpreter/linkResolver.cpp, line 773]
Event: 2.819 Thread 0x00000208a5fdd800 Exception <a 'java/lang/NoSuchMethodError'{0x000000074d91fed0}: 'java.lang.Object java.lang.invoke.DirectMethodHandle$Holder.invokeVirtual(java.lang.Object, java.lang.Object, java.lang.Object)'> (0x000000074d91fed0) thrown at [./src/hotspot/share/interpreter/linkResolver.cpp, line 773]
Event: 3.413 Thread 0x00000208a5fdd800 Exception <a 'java/lang/NoSuchMethodError'{0x000000074ad32530}: 'java.lang.Object java.lang.invoke.Invokers$Holder.linkToTargetMethod(java.lang.Object, int, java.lang.Object)'> (0x000000074ad32530) thrown at [./src/hotspot/share/interpreter/linkResolver.cpp, line 773]
Event: 3.547 Thread 0x00000208a5fdd800 Exception <a 'java/lang/NoSuchMethodError'{0x000000074a8d4270}: 'java.lang.Object java.lang.invoke.DirectMethodHandle$Holder.invokeStatic(java.lang.Object, java.lang.Object, java.lang.Object, int)'> (0x000000074a8d4270) thrown at [./src/hotspot/share/interpreter/linkResolver.cpp, line 773]
Event: 3.547 Thread 0x00000208a5fdd800 Exception <a 'java/lang/NoSuchMethodError'{0x000000074a8d7ee0}: 'java.lang.Object java.lang.invoke.DirectMethodHandle$Holder.invokeSpecial(java.lang.Object, java.lang.Object, java.lang.Object, java.lang.Object, int)'> (0x000000074a8d7ee0) thrown at [./src/hotspot/share/interpreter/linkResolver.cpp, line 773]
Event: 3.547 Thread 0x00000208a5fdd800 Exception <a 'java/lang/NoSuchMethodError'{0x000000074a8db1f0}: 'java.lang.Object java.lang.invoke.Invokers$Holder.linkToTargetMethod(java.lang.Object, java.lang.Object, int, java.lang.Object)'> (0x000000074a8db1f0) thrown at [./src/hotspot/share/interpreter/linkResolver.cpp, line 773]
Event: 3.948 Thread 0x00000208a5fdd800 Exception <a 'java/lang/NoSuchMethodError'{0x000000074d512670}: 'java.lang.Object java.lang.invoke.Invokers$Holder.linkToTargetMethod(java.lang.Object, java.lang.Object, java.lang.Object, java.lang.Object, java.lang.Object, java.lang.Object)'> (0x000000074d512670) thrown at [./src/hotspot/share/interpreter/linkResolver.cpp, line 773]
Event: 4.537 Thread 0x00000208a5fdd800 Exception <a 'java/lang/NoSuchMethodError'{0x000000074a465348}: 'int java.lang.invoke.DirectMethodHandle$Holder.invokeStaticInit(java.lang.Object, int)'> (0x000000074a465348) thrown at [./src/hotspot/share/interpreter/linkResolver.cpp, line 773]
Event: 5.170 Thread 0x00000208a5fdd800 Exception <a 'java/lang/NoSuchMethodError'{0x0000000748b4de70}: 'java.lang.Object java.lang.invoke.DirectMethodHandle$Holder.invokeStaticInit(java.lang.Object, java.lang.Object, java.lang.Object)'> (0x0000000748b4de70) thrown at [./src/hotspot/share/interpreter/linkResolver.cpp, line 773]
Event: 5.221 Thread 0x00000208a5fdd800 Implicit null exception at 0x00000208b176bb33 to 0x00000208b176bf08
Event: 5.222 Thread 0x00000208a5fdd800 Implicit null exception at 0x00000208b16242f5 to 0x00000208b16244dc
Event: 5.222 Thread 0x00000208a5fdd800 Implicit null exception at 0x00000208b169a0af to 0x00000208b169a129

Events (20 events):
Event: 5.220 loading class org/jetbrains/kotlin/resolve/jvm/jvmSignature/JvmMethodParameterKind done
Event: 5.221 loading class org/jetbrains/kotlin/codegen/state/TypeMappingUtil$isMethodWithDeclarationSiteWildcards$1
Event: 5.221 loading class org/jetbrains/kotlin/codegen/state/TypeMappingUtil$isMethodWithDeclarationSiteWildcards$1 done
Event: 5.221 loading class org/jetbrains/kotlin/resolve/descriptorUtil/DescriptorUtilsKt$firstOverridden$1
Event: 5.221 loading class org/jetbrains/kotlin/resolve/descriptorUtil/DescriptorUtilsKt$firstOverridden$1 done
Event: 5.221 loading class org/jetbrains/kotlin/resolve/descriptorUtil/DescriptorUtilsKt$firstOverridden$2
Event: 5.221 loading class org/jetbrains/kotlin/resolve/descriptorUtil/DescriptorUtilsKt$firstOverridden$2 done
Event: 5.224 loading class org/jetbrains/kotlin/codegen/FunctionCodegen$2
Event: 5.224 loading class org/jetbrains/kotlin/codegen/FunctionCodegen$2 done
Event: 5.224 loading class org/jetbrains/kotlin/codegen/VariableAsmNameManglingUtils
Event: 5.224 loading class org/jetbrains/kotlin/codegen/VariableAsmNameManglingUtils done
Event: 5.225 loading class org/jetbrains/kotlin/codegen/DefaultParameterValueLoader
Event: 5.225 loading class org/jetbrains/kotlin/codegen/DefaultParameterValueLoader done
Event: 5.225 loading class org/jetbrains/kotlin/codegen/DefaultParameterValueLoader$1
Event: 5.225 loading class org/jetbrains/kotlin/codegen/DefaultParameterValueLoader$1 done
Event: 5.225 loading class org/jetbrains/kotlin/descriptors/ValueParameterDescriptor
Event: 5.225 loading class org/jetbrains/kotlin/descriptors/ValueParameterDescriptor done
Event: 5.225 loading class org/jetbrains/kotlin/codegen/ExpressionCodegen
Event: 5.225 loading class org/jetbrains/kotlin/codegen/ExpressionCodegen done
Event: 5.226 Executing VM operation: G1CollectForAllocation


Dynamic libraries:
0x00007ff7fe5f0000 - 0x00007ff7fe5fa000 	C:\Program Files\Android\Android Studio\jre\bin\java.exe
0x00007ff9b0600000 - 0x00007ff9b07f0000 	C:\Windows\SYSTEM32\ntdll.dll
0x00007ff9afd70000 - 0x00007ff9afe22000 	C:\Windows\System32\KERNEL32.DLL
0x00007ff9ae190000 - 0x00007ff9ae435000 	C:\Windows\System32\KERNELBASE.dll
0x00007ff9add10000 - 0x00007ff9ade0a000 	C:\Windows\System32\ucrtbase.dll
0x00007ff99ee10000 - 0x00007ff99ee27000 	C:\Program Files\Android\Android Studio\jre\bin\VCRUNTIME140.dll
0x00007ff9a3d30000 - 0x00007ff9a3d49000 	C:\Program Files\Android\Android Studio\jre\bin\jli.dll
0x00007ff9af1d0000 - 0x00007ff9af364000 	C:\Windows\System32\USER32.dll
0x00007ff9adfc0000 - 0x00007ff9adfe1000 	C:\Windows\System32\win32u.dll
0x00007ff993fc0000 - 0x00007ff994244000 	C:\Windows\WinSxS\amd64_microsoft.windows.common-controls_6595b64144ccf1df_6.0.18362.1556_none_9e7e372fe45e41d5\COMCTL32.dll
0x00007ff9af870000 - 0x00007ff9af896000 	C:\Windows\System32\GDI32.dll
0x00007ff9ae740000 - 0x00007ff9ae7de000 	C:\Windows\System32\msvcrt.dll
0x00007ff9adff0000 - 0x00007ff9ae188000 	C:\Windows\System32\gdi32full.dll
0x00007ff9adec0000 - 0x00007ff9adf5e000 	C:\Windows\System32\msvcp_win.dll
0x00007ff9af370000 - 0x00007ff9af6a6000 	C:\Windows\System32\combase.dll
0x00007ff9aef80000 - 0x00007ff9af09f000 	C:\Windows\System32\RPCRT4.dll
0x00007ff9ae5f0000 - 0x00007ff9ae671000 	C:\Windows\System32\bcryptPrimitives.dll
0x00007ff9af9c0000 - 0x00007ff9af9ee000 	C:\Windows\System32\IMM32.DLL
0x00007ff977fd0000 - 0x00007ff97806d000 	C:\Program Files\Android\Android Studio\jre\bin\msvcp140.dll
0x00007ff9766a0000 - 0x00007ff977175000 	C:\Program Files\Android\Android Studio\jre\bin\server\jvm.dll
0x00007ff9af0a0000 - 0x00007ff9af143000 	C:\Windows\System32\ADVAPI32.dll
0x00007ff9aee70000 - 0x00007ff9aef07000 	C:\Windows\System32\sechost.dll
0x00007ff9afb50000 - 0x00007ff9afb58000 	C:\Windows\System32\PSAPI.DLL
0x00007ff9a9270000 - 0x00007ff9a9279000 	C:\Windows\SYSTEM32\WSOCK32.dll
0x00007ff9a3530000 - 0x00007ff9a353a000 	C:\Windows\SYSTEM32\VERSION.dll
0x00007ff9aef10000 - 0x00007ff9aef7f000 	C:\Windows\System32\WS2_32.dll
0x00007ff9ab230000 - 0x00007ff9ab254000 	C:\Windows\SYSTEM32\WINMM.dll
0x00007ff9ab1e0000 - 0x00007ff9ab20d000 	C:\Windows\SYSTEM32\winmmbase.dll
0x00007ff9ae440000 - 0x00007ff9ae48a000 	C:\Windows\System32\cfgmgr32.dll
0x00007ff9ad490000 - 0x00007ff9ad4a1000 	C:\Windows\System32\kernel.appcore.dll
0x00007ff9a8be0000 - 0x00007ff9a8bf1000 	C:\Program Files\Android\Android Studio\jre\bin\verify.dll
0x00007ff996b70000 - 0x00007ff996d64000 	C:\Windows\SYSTEM32\DBGHELP.DLL
0x00007ff9a7f80000 - 0x00007ff9a7faa000 	C:\Windows\SYSTEM32\dbgcore.DLL
0x00007ff9a8250000 - 0x00007ff9a8279000 	C:\Program Files\Android\Android Studio\jre\bin\java.dll
0x00007ff9a8c10000 - 0x00007ff9a8c1b000 	C:\Program Files\Android\Android Studio\jre\bin\jimage.dll
0x00007ff9a8bc0000 - 0x00007ff9a8bd8000 	C:\Program Files\Android\Android Studio\jre\bin\zip.dll
0x00007ff9afe30000 - 0x00007ff9b0517000 	C:\Windows\System32\SHELL32.dll
0x00007ff9af910000 - 0x00007ff9af9b8000 	C:\Windows\System32\shcore.dll
0x00007ff9ad590000 - 0x00007ff9add0b000 	C:\Windows\System32\windows.storage.dll
0x00007ff9ad500000 - 0x00007ff9ad51e000 	C:\Windows\System32\profapi.dll
0x00007ff9ad4b0000 - 0x00007ff9ad4fa000 	C:\Windows\System32\powrprof.dll
0x00007ff9ad480000 - 0x00007ff9ad490000 	C:\Windows\System32\UMPDC.dll
0x00007ff9af8b0000 - 0x00007ff9af902000 	C:\Windows\System32\shlwapi.dll
0x00007ff9ad540000 - 0x00007ff9ad557000 	C:\Windows\System32\cryptsp.dll
0x00007ff9a81e0000 - 0x00007ff9a81fa000 	C:\Program Files\Android\Android Studio\jre\bin\net.dll
0x00007ff9a8900000 - 0x00007ff9a89fa000 	C:\Windows\SYSTEM32\WINHTTP.dll
0x00007ff9acc10000 - 0x00007ff9acc77000 	C:\Windows\system32\mswsock.dll
0x00007ff9a81a0000 - 0x00007ff9a81b4000 	C:\Program Files\Android\Android Studio\jre\bin\nio.dll

dbghelp: loaded successfully - version: 4.0.5 - missing functions: none
symbol engine: initialized successfully - sym options: 0x614 - pdb path: .;C:\Program Files\Android\Android Studio\jre\bin;C:\Windows\SYSTEM32;C:\Windows\WinSxS\amd64_microsoft.windows.common-controls_6595b64144ccf1df_6.0.18362.1556_none_9e7e372fe45e41d5;C:\Program Files\Android\Android Studio\jre\bin\server

VM Arguments:
java_command: org.jetbrains.kotlin.cli.jvm.K2JVMCompiler @C:\Users\Reylar\AndroidStudioProjects\taboan_christian\app\build\20220416_15377363116911925288.compiler.options
java_class_path (initial): C:\Program Files\Android\Android Studio\jre\caches\modules-2\files-2.1\org.jetbrains.kotlin\kotlin-compiler-embeddable\1.6.10\88f2073f4020cdb83132cfe940ceb9a60aba54ea\kotlin-compiler-embeddable-1.6.10.jar;C:\Program Files\Android\Android Studio\jre\caches\modules-2\files-2.1\org.jetbrains.kotlin\kotlin-reflect\1.6.10\1cbe9c92c12a94eea200d23c2bbaedaf3daf5132\kotlin-reflect-1.6.10.jar;C:\Program Files\Android\Android Studio\jre\caches\modules-2\files-2.1\org.jetbrains.kotlin\kotlin-stdlib\1.6.10\b8af3fe6f1ca88526914929add63cf5e7c5049af\kotlin-stdlib-1.6.10.jar;C:\Program Files\Android\Android Studio\jre\caches\modules-2\files-2.1\org.jetbrains.kotlin\kotlin-script-runtime\1.6.10\d0a7ff2e2500ef497ed0214ae40ad3c8387a6164\kotlin-script-runtime-1.6.10.jar;C:\Program Files\Android\Android Studio\jre\caches\modules-2\files-2.1\org.jetbrains.kotlin\kotlin-daemon-embeddable\1.6.10\a56d79bcbea411fa6058e4ecffc2de73e742bd2a\kotlin-daemon-embeddable-1.6.10.jar;C:\Program Files\Android\Android Studio\jre\caches\modules-2\files-2.1\org.jetbrains.intellij.deps\trove4j\1.0.20181211\216c2e14b070f334479d800987affe4054cd563f\trove4j-1.0.20181211.jar;C:\Program Files\Android\Android Studio\jre\caches\modules-2\files-2.1\net.java.dev.jna\jna\5.6.0\330f2244e9030119ab3030fc3fededc86713d9cc\jna-5.6.0.jar;C:\Program Files\Android\Android Studio\jre\caches\modules-2\files-2.1\org.jetbrains\annotations\13.0\919f0dfe192fb4e063e7dacadee7f8bb9a2672a9\annotations-13.0.jar;C:\Program Files\Android\Android Studio\jre\caches\modules-2\files-2.1\org.jetbrains.kotlin\kotlin-stdlib-common\1.6.10\c118700e3a33c8a0d9adc920e9dec0831171925\kotlin-stdlib-common-1.6.10.jar
Launcher Type: SUN_STANDARD

[Global flags]
     intx CICompilerCount                          = 3                                         {product} {ergonomic}
     uint ConcGCThreads                            = 1                                         {product} {ergonomic}
     uint G1ConcRefinementThreads                  = 4                                         {product} {ergonomic}
   size_t G1HeapRegionSize                         = 1048576                                   {product} {ergonomic}
    uintx GCDrainStackTargetSize                   = 64                                        {product} {ergonomic}
   size_t InitialHeapSize                          = 201326592                                 {product} {ergonomic}
   size_t MarkStackSize                            = 4194304                                   {product} {ergonomic}
   size_t MaxHeapSize                              = 3189768192                                {product} {ergonomic}
   size_t MaxNewSize                               = 1913651200                                {product} {ergonomic}
   size_t MinHeapDeltaBytes                        = 1048576                                   {product} {ergonomic}
    uintx NonNMethodCodeHeapSize                   = 5830732                                {pd product} {ergonomic}
    uintx NonProfiledCodeHeapSize                  = 122913754                              {pd product} {ergonomic}
    uintx ProfiledCodeHeapSize                     = 122913754                              {pd product} {ergonomic}
    uintx ReservedCodeCacheSize                    = 251658240                              {pd product} {ergonomic}
     bool SegmentedCodeCache                       = true                                      {product} {ergonomic}
     bool UseCompressedClassPointers               = true                                 {lp64_product} {ergonomic}
     bool UseCompressedOops                        = true                                 {lp64_product} {ergonomic}
     bool UseG1GC                                  = true                                      {product} {ergonomic}
     bool UseLargePagesIndividualAllocation        = false                                  {pd product} {ergonomic}

Logging:
Log output configuration:
 #0: stdout all=warning uptime,level,tags
 #1: stderr all=off uptime,level,tags

Environment Variables:
JAVA_HOME=C:\Program Files\Eclipse Adoptium\jdk-17.0.1.12-hotspot\
PATH=C:\Program Files\Eclipse Adoptium\jdk-17.0.1.12-hotspot\bin;C:\Program Files (x86)\Common Files\Intel\Shared Libraries\redist\intel64\compiler;C:\ProgramData\Oracle\Java\javapath;C:\Windows\system32;C:\Windows;C:\Windows\System32\Wbem;C:\Windows\System32\WindowsPowerShell\v1.0\;C:\Windows\System32\OpenSSH\;C:\Program Files\Microsoft\Web Platform Installer\;C:\Program Files (x86)\Microsoft ASP.NET\ASP.NET Web Pages\v1.0\;C:\Program Files\Microsoft SQL Server\110\Tools\Binn\;C:\Program Files (x86)\Microsoft SQL Server\90\Tools\binn\;C:\Program Files\NVIDIA Corporation\NVIDIA NvDLISR;C:\Program Files (x86)\NVIDIA Corporation\PhysX\Common;C:\src\flutter\bin;C:\Program Files\Microsoft VS Code\bin;C:\Program Files\Git\cmd;C:\Program Files\nodejs\;C:\Users\Reylar\AppData\Local\Microsoft\WindowsApps;C:\Program Files\JetBrains\IntelliJ IDEA Community Edition 2020.1.3\bin;;C:\Users\Reylar\AppData\Local\Pub\Cache\bin;C:\Users\Reylar\AppData\Roaming\Pub\Cache\bin;C:\Users\Reylar\AppData\Roaming\npm
USERNAME=Reylar
OS=Windows_NT
PROCESSOR_IDENTIFIER=Intel64 Family 6 Model 142 Stepping 10, GenuineIntel



---------------  S Y S T E M  ---------------

OS: Windows 10 , 64 bit Build 18362 (10.0.18362.1500)
OS uptime: 0 days 13:18 hours
Hyper-V role detected

CPU:total 4 (initial active 4) (2 cores per cpu, 2 threads per core) family 6 model 142 stepping 10 microcode 0xe0, cmov, cx8, fxsr, mmx, sse, sse2, sse3, ssse3, sse4.1, sse4.2, popcnt, avx, avx2, aes, clmul, erms, 3dnowpref, lzcnt, ht, tsc, tscinvbit, bmi1, bmi2, adx, fma

Memory: 4k page, system-wide physical 12165M (640M free)
TotalPageFile size 12165M (AvailPageFile size 7M)
current process WorkingSet (physical memory assigned to process): 288M, peak: 288M
current process commit charge ("private bytes"): 391M, peak: 430M

vm_info: OpenJDK 64-Bit Server VM (11.0.11+9-b60-7590822) for windows-amd64 JRE (11.0.11+9-b60-7590822), built on Jul 29 2021 21:43:44 by "builder" with MS VC++ 14.0 (VS2015)

END.
